<?xml version="1.0" encoding="UTF-8"?>
<testng-results skipped="0" failed="0" ignored="0" total="1" passed="1">
  <reporter-output>
  </reporter-output>
  <suite name="Regression" duration-ms="13379" started-at="2022-07-19T01:58:06 CDT" finished-at="2022-07-19T01:58:20 CDT">
    <groups>
    </groups>
    <test name="LoginTest" duration-ms="13379" started-at="2022-07-19T01:58:06 CDT" finished-at="2022-07-19T01:58:20 CDT">
      <class name="test.ListCustomerTest">
        <test-method status="PASS" signature="validUserShouldBeAbleToAddCustomerFromListCustomer(java.lang.String,java.lang.String,java.lang.String,java.lang.String,java.lang.String,java.lang.String,java.lang.String,java.lang.String,java.lang.String,java.lang.String,java.lang.String)[pri:0, instance:test.ListCustomerTest@4b1c1ea0]" name="validUserShouldBeAbleToAddCustomerFromListCustomer" duration-ms="13343" started-at="2022-07-19T01:58:06 CDT" finished-at="2022-07-19T01:58:20 CDT">
          <params>
            <param index="0">
              <value>
                <![CDATA[demo@techfios.com]]>
              </value>
            </param>
            <param index="1">
              <value>
                <![CDATA[abc123]]>
              </value>
            </param>
            <param index="2">
              <value>
                <![CDATA[Excel Projet]]>
              </value>
            </param>
            <param index="3">
              <value>
                <![CDATA[Techfios]]>
              </value>
            </param>
            <param index="4">
              <value>
                <![CDATA[msexcell@gmail.com]]>
              </value>
            </param>
            <param index="5">
              <value>
                <![CDATA[231546]]>
              </value>
            </param>
            <param index="6">
              <value>
                <![CDATA[Techfios Building]]>
              </value>
            </param>
            <param index="7">
              <value>
                <![CDATA[Carrolton]]>
              </value>
            </param>
            <param index="8">
              <value>
                <![CDATA[United Kingdom]]>
              </value>
            </param>
            <param index="9">
              <value>
                <![CDATA[TX]]>
              </value>
            </param>
            <param index="10">
              <value>
                <![CDATA[75009]]>
              </value>
            </param>
          </params>
          <reporter-output>
          </reporter-output>
        </test-method> <!-- validUserShouldBeAbleToAddCustomerFromListCustomer -->
      </class> <!-- test.ListCustomerTest -->
    </test> <!-- LoginTest -->
  </suite> <!-- Regression -->
</testng-results>
